<?xml version="1.0" encoding="UTF-8"?>
<testng-results ignored="0" total="1" passed="1" failed="0" skipped="0">
  <reporter-output>
  </reporter-output>
  <suite started-at="2026-03-25T21:24:28 GMT+03:00" name="Ebay Automation Suite" finished-at="2026-03-25T21:24:42 GMT+03:00" duration-ms="13595">
    <groups>
    </groups>
    <test started-at="2026-03-25T21:24:28 GMT+03:00" name="Ebay Search Flow" finished-at="2026-03-25T21:24:42 GMT+03:00" duration-ms="13595">
      <class name="tests.EbaySearchTest">
        <test-method is-config="true" signature="setup()[pri:0, instance:tests.EbaySearchTest@485966cc]" started-at="2026-03-25T21:24:28 GMT+03:00" name="setup" finished-at="2026-03-25T21:24:29 GMT+03:00" duration-ms="1006" status="PASS">
          <reporter-output>
          </reporter-output>
        </test-method> <!-- setup -->
        <test-method signature="ebaySearchFlow()[pri:0, instance:tests.EbaySearchTest@485966cc]" started-at="2026-03-25T21:24:29 GMT+03:00" name="ebaySearchFlow" finished-at="2026-03-25T21:24:42 GMT+03:00" duration-ms="12465" status="PASS">
          <reporter-output>
          </reporter-output>
        </test-method> <!-- ebaySearchFlow -->
        <test-method is-config="true" signature="teardown()[pri:0, instance:tests.EbaySearchTest@485966cc]" started-at="2026-03-25T21:24:42 GMT+03:00" name="teardown" finished-at="2026-03-25T21:24:42 GMT+03:00" duration-ms="90" status="PASS">
          <reporter-output>
          </reporter-output>
        </test-method> <!-- teardown -->
      </class> <!-- tests.EbaySearchTest -->
    </test> <!-- Ebay Search Flow -->
  </suite> <!-- Ebay Automation Suite -->
</testng-results>
